Detecting C [-std=c11] compiler features failed to compile with the following output:
Change Dir: /home/indemind/Documents/C++/wsd/WSDOwnOpencvCodeSet/gaussNewton/build/CMakeFiles/CMakeTmp

Run Build Command:"/usr/bin/make" "cmTC_2f80e/fast"
/usr/bin/make -f CMakeFiles/cmTC_2f80e.dir/build.make CMakeFiles/cmTC_2f80e.dir/build
make[1]: Entering directory '/home/indemind/Documents/C++/wsd/WSDOwnOpencvCodeSet/gaussNewton/build/CMakeFiles/CMakeTmp'
Building C object CMakeFiles/cmTC_2f80e.dir/feature_tests.c.o
/usr/bin/c89-gcc    -std=c11 -o CMakeFiles/cmTC_2f80e.dir/feature_tests.c.o   -c /home/indemind/Documents/C++/wsd/WSDOwnOpencvCodeSet/gaussNewton/build/CMakeFiles/feature_tests.c
c89-gcc called with non ANSI/ISO C option -std=c11
CMakeFiles/cmTC_2f80e.dir/build.make:65: recipe for target 'CMakeFiles/cmTC_2f80e.dir/feature_tests.c.o' failed
make[1]: *** [CMakeFiles/cmTC_2f80e.dir/feature_tests.c.o] Error 1
make[1]: Leaving directory '/home/indemind/Documents/C++/wsd/WSDOwnOpencvCodeSet/gaussNewton/build/CMakeFiles/CMakeTmp'
Makefile:126: recipe for target 'cmTC_2f80e/fast' failed
make: *** [cmTC_2f80e/fast] Error 2



